<?xml version="1.0" encoding="UTF-8"?>
<Site BuildName="Linux-g++"
	BuildStamp="20230729-0333-Experimental"
	Name="a109-27"
	Generator="ctest-3.22.1"
	CompilerName="/usr/bin/g++"
	CompilerVersion="11.3.0"
	OSName="Linux"
	Hostname="a109-27"
	OSRelease="5.15.0-76-generic"
	OSVersion="#83-Ubuntu SMP Thu Jun 15 19:16:32 UTC 2023"
	OSPlatform="x86_64"
	Is64Bits="1"
	VendorString="GenuineIntel"
	VendorID="Intel Corporation"
	FamilyID="6"
	ModelID="62"
	ProcessorCacheSize="10240"
	NumberOfLogicalCPU="4"
	NumberOfPhysicalCPU="4"
	TotalVirtualMemory="8191"
	TotalPhysicalMemory="32035"
	LogicalProcessorsPerPhysical="1"
	ProcessorClockFrequency="2500"
	>
	<Testing>
		<StartDateTime>Jul 29 06:27 UTC</StartDateTime>
		<StartTestTime>1690612023</StartTestTime>
		<TestList/>
		<EndDateTime>Jul 29 06:27 UTC</EndDateTime>
		<EndTestTime>1690612023</EndTestTime>
		<ElapsedMinutes>0</ElapsedMinutes>
	</Testing>
</Site>
